2025-03-10 20:01:54,494 - INFO - ✅ Loading latest Parquet file: data/raw/parquet/2025-03-10/customer_churn_2025-03-10_17-01.parquet
2025-03-10 20:01:54,958 - INFO - ✅ Data Preparation Completed Successfully.
2025-03-10 20:01:55,017 - INFO - 📂 Prepared Data Saved: data/raw/parquet/2025-03-10/customer_churn_prepared.parquet
2025-03-12 20:31:11,689 - INFO - ✅ Loading latest Parquet file: data/raw/parquet/2025-03-10/customer_churn_prepared.parquet
2025-03-12 20:32:23,218 - INFO - ✅ Loading latest Parquet file: data/raw/parquet/2025-03-10/customer_churn_prepared.parquet
2025-03-12 20:35:33,586 - INFO - ✅ Loading latest Parquet file: data/raw/parquet/2025-03-10/customer_churn_prepared.parquet
2025-03-12 20:35:33,812 - INFO - ✅ Data Preparation Completed Successfully.
2025-03-12 20:35:33,853 - INFO - 📂 Prepared Data Saved: data/raw/parquet/2025-03-10/customer_churn_prepared.parquet
2025-03-12 20:38:13,610 - INFO - ✅ Loading latest Parquet file: data/raw/parquet/2025-03-10/customer_churn_prepared.parquet
2025-03-12 20:38:13,758 - INFO - ✅ Data Preparation Completed Successfully.
2025-03-12 20:38:13,801 - INFO - 📂 Prepared Data Saved: data/raw/parquet/2025-03-10/customer_churn_prepared.parquet
2025-03-12 20:43:57,085 - INFO - ✅ Loading latest Parquet file: data/raw/parquet/2025-03-10/customer_churn_prepared.parquet
2025-03-12 20:43:57,240 - INFO - ✅ Data Preparation Completed Successfully.
2025-03-12 20:43:57,283 - INFO - 📂 Prepared Data Saved: data/raw/parquet/2025-03-10/customer_churn_prepared.parquet
2025-03-12 20:49:30,748 - INFO - ✅ Loading latest Parquet file: data/raw/parquet/2025-03-12/customer_churn_2025-03-12_20-48.parquet
2025-03-12 20:49:30,928 - INFO - ✅ Data Preparation Completed Successfully.
2025-03-12 20:49:30,972 - INFO - 📂 Prepared Data Saved: data/raw/parquet/2025-03-12/customer_churn_prepared.parquet
2025-03-12 20:53:57,146 - INFO - ✅ Loading latest Parquet file: data/raw/parquet/2025-03-12/customer_churn_prepared.parquet
2025-03-12 20:53:57,296 - INFO - ✅ Data Preparation Completed Successfully.
2025-03-12 20:53:57,329 - INFO - 📂 Prepared Data Saved: data/raw/parquet/2025-03-12/customer_churn_prepared.parquet
2025-03-12 20:56:36,213 - INFO - ✅ Loading latest Parquet file: data/raw/parquet/2025-03-12/customer_churn_prepared.parquet
2025-03-12 20:56:36,361 - INFO - ✅ Data Preparation Completed Successfully.
2025-03-12 20:56:36,413 - INFO - 📂 Prepared Data Saved: data/raw/parquet/2025-03-12/customer_churn_prepared.parquet
2025-03-12 21:00:06,909 - INFO - ✅ Loading latest Parquet file: data/raw/parquet/2025-03-12/customer_churn_prepared.parquet
2025-03-12 21:00:07,035 - INFO - ✅ Data Preparation Completed Successfully.
2025-03-12 21:00:07,071 - INFO - 📂 Prepared Data Saved: data/raw/parquet/2025-03-12/customer_churn_prepared.parquet
2025-03-13 20:56:17,808 - INFO - ✅ Loading latest Parquet file: data/raw/parquet/2025-03-13/customer_churn_2025-03-13_20-53.parquet
2025-03-13 20:56:18,048 - INFO - ✅ Data Preparation Completed Successfully.
2025-03-13 20:56:18,128 - INFO - 📂 Prepared Data Saved: data/raw/parquet/2025-03-13/customer_churn_prepared.parquet
2025-03-13 21:36:47,203 - INFO - ✅ Loading latest Parquet file: data/raw/parquet/2025-03-13/customer_churn_prepared.parquet
2025-03-13 21:36:47,320 - INFO - ✅ Data Preparation Completed Successfully.
2025-03-13 21:36:47,356 - INFO - 📂 Prepared Data Saved: data/raw/parquet/2025-03-13/customer_churn_prepared.parquet
2025-03-13 21:54:32,870 - INFO - ✅ Loading latest Parquet file: data/raw/parquet/2025-03-13/customer_churn_prepared.parquet
2025-03-13 21:54:33,635 - INFO - ✅ Data Preparation Completed Successfully.
2025-03-13 21:54:33,708 - INFO - 📂 Prepared Data Saved: data/raw/parquet/2025-03-13/customer_churn_prepared.parquet
2025-03-13 22:01:46,748 - INFO - ✅ Loading latest Parquet file: data/raw/parquet/2025-03-13/customer_churn_prepared.parquet
2025-03-13 22:01:47,063 - INFO - ✅ Data Preparation Completed Successfully.
2025-03-13 22:01:47,132 - INFO - 📂 Prepared Data Saved: data/raw/parquet/2025-03-13/customer_churn_prepared.parquet
2025-03-13 22:06:32,695 - INFO - ✅ Loading latest Parquet file: data/raw/parquet/2025-03-13/customer_churn_prepared.parquet
2025-03-13 22:06:32,867 - INFO - ✅ Data Preparation Completed Successfully.
2025-03-13 22:06:32,911 - INFO - 📂 Prepared Data Saved: data/raw/parquet/2025-03-13/customer_churn_prepared.parquet
2025-03-13 22:31:36,522 - INFO - ✅ Loading latest Parquet file: data/raw/parquet/2025-03-13/customer_churn_prepared.parquet
2025-03-13 22:31:35,879 - INFO - ✅ Data Preparation Completed Successfully.
2025-03-13 22:31:36,381 - INFO - 📂 Prepared Data Saved: data/raw/parquet/2025-03-13/customer_churn_prepared.parquet
2025-03-13 22:31:42,021 - INFO - Using categorical units to plot a list of strings that are all parsable as floats or dates. If these strings should be plotted as numbers, cast to the appropriate data type before plotting.
2025-03-13 22:31:42,121 - INFO - Using categorical units to plot a list of strings that are all parsable as floats or dates. If these strings should be plotted as numbers, cast to the appropriate data type before plotting.
